
> backend@1.0.0 dev
> nodemon src/server.js

[33m[nodemon] 3.1.14[39m
[33m[nodemon] to restart at any time, enter `rs`[39m
[33m[nodemon] watching path(s): *.*[39m
[33m[nodemon] watching extensions: js,mjs,cjs,json[39m
[32m[nodemon] starting `node src/server.js`[39m
◇ injected env (21) from .env // tip: ⌘ enable debugging { debug: true }
◇ injected env (0) from .env // tip: ◈ encrypted .env [www.dotenvx.com]
SERVER FULLY INITIALIZED
Server running on port 5000
[32m[nodemon] clean exit - waiting for changes before restart[39m
[32m[nodemon] re[32m[nodemon] restarting due to[32m[nodemon] starting `node src/server.js`[39m
◇ injected env ◇ injected env (21) from .env // tip: ⌘ suppress logs { quie◇ injected env (0) from .env // tip: ⌘ suppress logs { quiet: true }
SERVER FULLY INITIALIZED
Server running on port 500Se[32m[nodemon] clean exit [32m[nodemon] restarting due to changes..[32m[n[32m[nodemon] starting `node src/server.js`[39m
◇ injected env (21) from .env // tip: ⌘ suppress logs { quiet: true }
◇ injected env (0) from .env // tip: ⌘ multiple files { path: ['.env.local', '.env'] }
SERVER FULLY INITIALIZED
Server running on port 5000
[32m[nodemon] clean exit - waiting for changes before restart[39m
hanges before restart[39m
